-- This file and its contents are licensed under the Timescale License.
-- Please see the included NOTICE for copyright information and
-- LICENSE-TIMESCALE for a copy of the license.
\set EXPLAIN 'EXPLAIN (costs off,timing off,summary off)'
\set EXPLAIN_ANALYZE 'EXPLAIN (analyze,costs off,timing off,summary off)'
CREATE TABLE decompress_tracking(time timestamptz not null, device text, value float, primary key(time, device));
SELECT table_name FROM create_hypertable('decompress_tracking','time');
     table_name      
 decompress_tracking
(1 row)

ALTER TABLE decompress_tracking SET (timescaledb.compress, timescaledb.compress_segmentby='device');
NOTICE:  default order by for hypertable "decompress_tracking" is set to ""time" DESC"
INSERT INTO decompress_tracking SELECT '2020-01-01'::timestamptz + format('%s hour', g)::interval, 'd1', random() FROM generate_series(1,10) g;
INSERT INTO decompress_tracking SELECT '2020-01-01'::timestamptz + format('%s hour', g)::interval, 'd2', random() FROM generate_series(1,20) g;
INSERT INTO decompress_tracking SELECT '2020-01-01'::timestamptz + format('%s hour', g)::interval, 'd3', random() FROM generate_series(1,30) g;
SELECT count(compress_chunk(ch)) FROM show_chunks('decompress_tracking') ch;
 count 
     2
(1 row)

ANALYZE decompress_tracking;
-- no tracking without analyze
:EXPLAIN UPDATE decompress_tracking SET value = value + 3;
QUERY PLAN
 Custom Scan (HypertableModify)
   ->  Update on decompress_tracking
         Update on _hyper_X_X_chunk decompress_tracking_1
         Update on _hyper_X_X_chunk decompress_tracking_2
         ->  Result
               ->  Append
                     ->  Seq Scan on _hyper_X_X_chunk decompress_tracking_1
                     ->  Seq Scan on _hyper_X_X_chunk decompress_tracking_2
(8 rows)

BEGIN; :EXPLAIN_ANALYZE UPDATE decompress_tracking SET value = value + 3; ROLLBACK;
QUERY PLAN
 Custom Scan (HypertableModify) (actual rows=0 loops=1)
   Batches decompressed: 5
   Tuples decompressed: 60
   ->  Update on decompress_tracking (actual rows=0 loops=1)
         Update on _hyper_X_X_chunk decompress_tracking_1
         Update on _hyper_X_X_chunk decompress_tracking_2
         ->  Result (actual rows=60 loops=1)
               ->  Append (actual rows=60 loops=1)
                     ->  Seq Scan on _hyper_X_X_chunk decompress_tracking_1 (actual rows=40 loops=1)
                     ->  Seq Scan on _hyper_X_X_chunk decompress_tracking_2 (actual rows=20 loops=1)
(10 rows)

BEGIN; :EXPLAIN_ANALYZE UPDATE decompress_tracking SET value = value + 3 WHERE device = 'd2'; ROLLBACK;
QUERY PLAN
 Custom Scan (HypertableModify) (actual rows=0 loops=1)
   Batches decompressed: 2
   Tuples decompressed: 20
   ->  Update on decompress_tracking (actual rows=0 loops=1)
         Update on _hyper_X_X_chunk decompress_tracking_1
         Update on _hyper_X_X_chunk decompress_tracking_2
         ->  Result (actual rows=20 loops=1)
               ->  Append (actual rows=20 loops=1)
                     ->  Seq Scan on _hyper_X_X_chunk decompress_tracking_1 (actual rows=15 loops=1)
                           Filter: (device = 'd2'::text)
                     ->  Seq Scan on _hyper_X_X_chunk decompress_tracking_2 (actual rows=5 loops=1)
                           Filter: (device = 'd2'::text)
(12 rows)

SET timescaledb.enable_compressed_direct_batch_delete TO false;
BEGIN; :EXPLAIN_ANALYZE DELETE FROM decompress_tracking; ROLLBACK;
QUERY PLAN
 Custom Scan (HypertableModify) (actual rows=0 loops=1)
   Batches decompressed: 5
   Tuples decompressed: 60
   ->  Delete on decompress_tracking (actual rows=0 loops=1)
         Delete on _hyper_X_X_chunk decompress_tracking_1
         Delete on _hyper_X_X_chunk decompress_tracking_2
         ->  Append (actual rows=60 loops=1)
               ->  Seq Scan on _hyper_X_X_chunk decompress_tracking_1 (actual rows=40 loops=1)
               ->  Seq Scan on _hyper_X_X_chunk decompress_tracking_2 (actual rows=20 loops=1)
(9 rows)

BEGIN; :EXPLAIN_ANALYZE DELETE FROM decompress_tracking WHERE device = 'd3'; ROLLBACK;
QUERY PLAN
 Custom Scan (HypertableModify) (actual rows=0 loops=1)
   Batches decompressed: 2
   Tuples decompressed: 30
   ->  Delete on decompress_tracking (actual rows=0 loops=1)
         Delete on _hyper_X_X_chunk decompress_tracking_1
         Delete on _hyper_X_X_chunk decompress_tracking_2
         ->  Append (actual rows=30 loops=1)
               ->  Seq Scan on _hyper_X_X_chunk decompress_tracking_1 (actual rows=15 loops=1)
                     Filter: (device = 'd3'::text)
               ->  Seq Scan on _hyper_X_X_chunk decompress_tracking_2 (actual rows=15 loops=1)
                     Filter: (device = 'd3'::text)
(11 rows)

RESET timescaledb.enable_compressed_direct_batch_delete;
BEGIN; :EXPLAIN_ANALYZE DELETE FROM decompress_tracking; ROLLBACK;
QUERY PLAN
 Custom Scan (HypertableModify) (actual rows=0 loops=1)
   Batches deleted: 5
   ->  Delete on decompress_tracking (actual rows=0 loops=1)
         Delete on _hyper_X_X_chunk decompress_tracking_1
         Delete on _hyper_X_X_chunk decompress_tracking_2
         ->  Append (actual rows=0 loops=1)
               ->  Seq Scan on _hyper_X_X_chunk decompress_tracking_1 (actual rows=0 loops=1)
               ->  Seq Scan on _hyper_X_X_chunk decompress_tracking_2 (actual rows=0 loops=1)
(8 rows)

BEGIN; :EXPLAIN_ANALYZE DELETE FROM decompress_tracking WHERE device = 'd3'; ROLLBACK;
QUERY PLAN
 Custom Scan (HypertableModify) (actual rows=0 loops=1)
   Batches deleted: 2
   ->  Delete on decompress_tracking (actual rows=0 loops=1)
         Delete on _hyper_X_X_chunk decompress_tracking_1
         Delete on _hyper_X_X_chunk decompress_tracking_2
         ->  Append (actual rows=0 loops=1)
               ->  Seq Scan on _hyper_X_X_chunk decompress_tracking_1 (actual rows=0 loops=1)
                     Filter: (device = 'd3'::text)
               ->  Seq Scan on _hyper_X_X_chunk decompress_tracking_2 (actual rows=0 loops=1)
                     Filter: (device = 'd3'::text)
(10 rows)

BEGIN; :EXPLAIN_ANALYZE INSERT INTO decompress_tracking SELECT '2020-01-01 1:30','d1',random(); ROLLBACK;
QUERY PLAN
 Custom Scan (HypertableModify) (actual rows=0 loops=1)
   Batches filtered: 1
   ->  Insert on decompress_tracking (actual rows=0 loops=1)
         ->  Custom Scan (ChunkDispatch) (actual rows=1 loops=1)
               ->  Subquery Scan on "*SELECT*" (actual rows=1 loops=1)
                     ->  Result (actual rows=1 loops=1)
(6 rows)

BEGIN; :EXPLAIN_ANALYZE INSERT INTO decompress_tracking SELECT '2020-01-01','d2',random(); ROLLBACK;
QUERY PLAN
 Custom Scan (HypertableModify) (actual rows=0 loops=1)
   ->  Insert on decompress_tracking (actual rows=0 loops=1)
         ->  Custom Scan (ChunkDispatch) (actual rows=1 loops=1)
               ->  Subquery Scan on "*SELECT*" (actual rows=1 loops=1)
                     ->  Result (actual rows=1 loops=1)
(5 rows)

BEGIN; :EXPLAIN_ANALYZE INSERT INTO decompress_tracking SELECT '2020-01-01','d4',random(); ROLLBACK;
QUERY PLAN
 Custom Scan (HypertableModify) (actual rows=0 loops=1)
   ->  Insert on decompress_tracking (actual rows=0 loops=1)
         ->  Custom Scan (ChunkDispatch) (actual rows=1 loops=1)
               ->  Subquery Scan on "*SELECT*" (actual rows=1 loops=1)
                     ->  Result (actual rows=1 loops=1)
(5 rows)

BEGIN; :EXPLAIN_ANALYZE INSERT INTO decompress_tracking (VALUES ('2020-01-01 1:30','d1',random()),('2020-01-01 1:30','d2',random())); ROLLBACK;
QUERY PLAN
 Custom Scan (HypertableModify) (actual rows=0 loops=1)
   Batches filtered: 2
   ->  Insert on decompress_tracking (actual rows=0 loops=1)
         ->  Custom Scan (ChunkDispatch) (actual rows=2 loops=1)
               ->  Values Scan on "*VALUES*" (actual rows=2 loops=1)
(5 rows)

-- test prepared statements EXPLAIN still works after execution
SET plan_cache_mode TO force_generic_plan;
PREPARE p1 AS UPDATE decompress_tracking SET value = value + 3 WHERE device = 'd1';
BEGIN;
    EXPLAIN (COSTS OFF) EXECUTE p1;
QUERY PLAN
 Custom Scan (HypertableModify)
   ->  Update on decompress_tracking
         Update on _hyper_X_X_chunk decompress_tracking_1
         Update on _hyper_X_X_chunk decompress_tracking_2
         ->  Result
               ->  Append
                     ->  Seq Scan on _hyper_X_X_chunk decompress_tracking_1
                           Filter: (device = 'd1'::text)
                     ->  Seq Scan on _hyper_X_X_chunk decompress_tracking_2
                           Filter: (device = 'd1'::text)
(10 rows)

    EXECUTE p1;
    EXPLAIN (COSTS OFF) EXECUTE p1;
QUERY PLAN
 Custom Scan (HypertableModify)
   ->  Update on decompress_tracking
         Update on _hyper_X_X_chunk decompress_tracking_1
         Update on _hyper_X_X_chunk decompress_tracking_2
         ->  Result
               ->  Append
                     ->  Seq Scan on _hyper_X_X_chunk decompress_tracking_1
                           Filter: (device = 'd1'::text)
                     ->  Seq Scan on _hyper_X_X_chunk decompress_tracking_2
                           Filter: (device = 'd1'::text)
(10 rows)

ROLLBACK;
DROP TABLE decompress_tracking;
