-- This file and its contents are licensed under the Timescale License.
-- Please see the included NOTICE for copyright information and
-- LICENSE-TIMESCALE for a copy of the license.
-- need superuser for copy from program
\c :TEST_DBNAME :ROLE_SUPERUSER
CREATE TABLE metrics (time TIMESTAMPTZ NOT NULL, device TEXT, value float) WITH (tsdb.hypertable, tsdb.partition_column = 'time', tsdb.orderby='time');
-- first try without the GUCs
BEGIN;
COPY metrics FROM PROGRAM 'seq 100 | xargs -II date -d "2025-01-01 + I hour" +"%Y-%m-%d %H:%M:%S,d1,0.I"' WITH (FORMAT CSV);
EXPLAIN (ANALYZE, COSTS OFF, SUMMARY OFF, TIMING OFF) SELECT * FROM metrics;
                         QUERY PLAN                          
-------------------------------------------------------------
 Append (actual rows=100 loops=1)
   ->  Seq Scan on _hyper_1_1_chunk (actual rows=15 loops=1)
   ->  Seq Scan on _hyper_1_2_chunk (actual rows=85 loops=1)
(3 rows)

ROLLBACK;
SET timescaledb.enable_direct_compress_copy = true;
SET timescaledb.enable_direct_compress_copy_sort_batches = true;
SET timescaledb.enable_direct_compress_copy_client_sorted = false;
-- simple test with compressed copy enabled
BEGIN;
COPY metrics FROM PROGRAM 'seq 3000 | xargs -II date -d "2025-01-01 + I minute" +"%Y-%m-%d %H:%M:%S,d1,0.I"' WITH (FORMAT CSV);
EXPLAIN (ANALYZE, COSTS OFF, SUMMARY OFF, TIMING OFF) SELECT * FROM metrics;
                                   QUERY PLAN                                    
---------------------------------------------------------------------------------
 Append (actual rows=3000 loops=1)
   ->  Custom Scan (ColumnarScan) on _hyper_1_3_chunk (actual rows=959 loops=1)
         ->  Seq Scan on compress_hyper_2_4_chunk (actual rows=1 loops=1)
   ->  Seq Scan on _hyper_1_3_chunk (actual rows=0 loops=1)
   ->  Custom Scan (ColumnarScan) on _hyper_1_5_chunk (actual rows=2041 loops=1)
         ->  Seq Scan on compress_hyper_2_6_chunk (actual rows=3 loops=1)
   ->  Seq Scan on _hyper_1_5_chunk (actual rows=0 loops=1)
(7 rows)

SELECT first(time,rn), last(time,rn) FROM (SELECT ROW_NUMBER() OVER () as rn, time FROM metrics) sub;
            first             |             last             
------------------------------+------------------------------
 Wed Jan 01 00:01:00 2025 PST | Fri Jan 03 02:00:00 2025 PST
(1 row)

ROLLBACK;
-- simple test with compressed copy enabled and reversed order
BEGIN;
COPY metrics FROM PROGRAM 'seq 3000 | xargs -II date -d "2025-01-01 - I minute" +"%Y-%m-%d %H:%M:%S,d1,0.I"' WITH (FORMAT CSV);
EXPLAIN (ANALYZE, COSTS OFF, SUMMARY OFF, TIMING OFF) SELECT * FROM metrics;
                                   QUERY PLAN                                    
---------------------------------------------------------------------------------
 Append (actual rows=3000 loops=1)
   ->  Custom Scan (ColumnarScan) on _hyper_1_7_chunk (actual rows=3000 loops=1)
         ->  Seq Scan on compress_hyper_2_8_chunk (actual rows=3 loops=1)
   ->  Seq Scan on _hyper_1_7_chunk (actual rows=0 loops=1)
(4 rows)

SELECT first(time,rn), last(time,rn) FROM (SELECT ROW_NUMBER() OVER () as rn, time FROM metrics) sub;
            first             |             last             
------------------------------+------------------------------
 Sun Dec 29 22:00:00 2024 PST | Tue Dec 31 23:59:00 2024 PST
(1 row)

ROLLBACK;
SET timescaledb.enable_direct_compress_copy_sort_batches = false;
-- simple test with compressed copy enabled and without batch sorting
BEGIN;
COPY metrics FROM PROGRAM 'seq 3000 | xargs -II date -d "2025-01-01 + I minute" +"%Y-%m-%d %H:%M:%S,d1,0.I"' WITH (FORMAT CSV);
EXPLAIN (ANALYZE, COSTS OFF, SUMMARY OFF, TIMING OFF) SELECT * FROM metrics;
                                    QUERY PLAN                                    
----------------------------------------------------------------------------------
 Append (actual rows=3000 loops=1)
   ->  Custom Scan (ColumnarScan) on _hyper_1_9_chunk (actual rows=959 loops=1)
         ->  Seq Scan on compress_hyper_2_10_chunk (actual rows=1 loops=1)
   ->  Seq Scan on _hyper_1_9_chunk (actual rows=0 loops=1)
   ->  Custom Scan (ColumnarScan) on _hyper_1_11_chunk (actual rows=2041 loops=1)
         ->  Seq Scan on compress_hyper_2_12_chunk (actual rows=3 loops=1)
   ->  Seq Scan on _hyper_1_11_chunk (actual rows=0 loops=1)
(7 rows)

SELECT first(time,rn), last(time,rn) FROM (SELECT ROW_NUMBER() OVER () as rn, time FROM metrics) sub;
            first             |             last             
------------------------------+------------------------------
 Wed Jan 01 00:01:00 2025 PST | Fri Jan 03 02:00:00 2025 PST
(1 row)

ROLLBACK;
-- simple test with compressed copy enabled and reversed order and no batch sorting
BEGIN;
COPY metrics FROM PROGRAM 'seq 3000 | xargs -II date -d "2025-01-01 - I minute" +"%Y-%m-%d %H:%M:%S,d1,0.I"' WITH (FORMAT CSV);
EXPLAIN (ANALYZE, COSTS OFF, SUMMARY OFF, TIMING OFF) SELECT * FROM metrics;
                                    QUERY PLAN                                    
----------------------------------------------------------------------------------
 Append (actual rows=3000 loops=1)
   ->  Custom Scan (ColumnarScan) on _hyper_1_13_chunk (actual rows=3000 loops=1)
         ->  Seq Scan on compress_hyper_2_14_chunk (actual rows=3 loops=1)
   ->  Seq Scan on _hyper_1_13_chunk (actual rows=0 loops=1)
(4 rows)

SELECT first(time,rn), last(time,rn) FROM (SELECT ROW_NUMBER() OVER () as rn, time FROM metrics) sub;
            first             |             last             
------------------------------+------------------------------
 Tue Dec 31 23:59:00 2024 PST | Sun Dec 29 22:00:00 2024 PST
(1 row)

ROLLBACK;
-- test compressing into uncompressed chunk
RESET timescaledb.enable_direct_compress_copy;
RESET timescaledb.enable_direct_compress_copy_sort_batches;
RESET timescaledb.enable_direct_compress_copy_client_sorted;
BEGIN;
COPY metrics FROM PROGRAM 'seq 3000 | xargs -II date -d "2025-01-01 + I minute" +"%Y-%m-%d %H:%M:%S,d1,0.I"' WITH (FORMAT CSV);
SET timescaledb.enable_direct_compress_copy = true;
SET timescaledb.enable_direct_compress_copy_client_sorted = true;
COPY metrics FROM PROGRAM 'seq 3000 | xargs -II date -d "2025-01-01 + I minute" +"%Y-%m-%d %H:%M:%S,d1,0.I"' WITH (FORMAT CSV);
EXPLAIN (ANALYZE, COSTS OFF, SUMMARY OFF, TIMING OFF) SELECT * FROM metrics;
                                    QUERY PLAN                                    
----------------------------------------------------------------------------------
 Append (actual rows=6000 loops=1)
   ->  Custom Scan (ColumnarScan) on _hyper_1_15_chunk (actual rows=959 loops=1)
         ->  Seq Scan on compress_hyper_2_17_chunk (actual rows=1 loops=1)
   ->  Seq Scan on _hyper_1_15_chunk (actual rows=959 loops=1)
   ->  Custom Scan (ColumnarScan) on _hyper_1_16_chunk (actual rows=2041 loops=1)
         ->  Seq Scan on compress_hyper_2_18_chunk (actual rows=3 loops=1)
   ->  Seq Scan on _hyper_1_16_chunk (actual rows=2041 loops=1)
(7 rows)

SELECT DISTINCT status FROM _timescaledb_catalog.chunk WHERE compressed_chunk_id IS NOT NULL;
 status 
--------
      9
(1 row)

ROLLBACK;
-- simple test with compressed copy enabled and reversed order
BEGIN;
SET timescaledb.enable_direct_compress_copy = true;
SET timescaledb.enable_direct_compress_copy_client_sorted = true;
COPY metrics FROM PROGRAM 'seq 3000 | xargs -II date -d "2025-01-01 - I minute" +"%Y-%m-%d %H:%M:%S,d1,0.I"' WITH (FORMAT CSV);
EXPLAIN (ANALYZE, COSTS OFF, SUMMARY OFF, TIMING OFF) SELECT * FROM metrics;
                                    QUERY PLAN                                    
----------------------------------------------------------------------------------
 Append (actual rows=3000 loops=1)
   ->  Custom Scan (ColumnarScan) on _hyper_1_19_chunk (actual rows=3000 loops=1)
         ->  Seq Scan on compress_hyper_2_20_chunk (actual rows=3 loops=1)
   ->  Seq Scan on _hyper_1_19_chunk (actual rows=0 loops=1)
(4 rows)

-- status should be 9
SELECT DISTINCT status FROM _timescaledb_catalog.chunk WHERE compressed_chunk_id IS NOT NULL;
 status 
--------
      9
(1 row)

ROLLBACK;
-- simple test with compressed copy enabled and no presorted
BEGIN;
SET timescaledb.enable_direct_compress_copy = true;
SET timescaledb.enable_direct_compress_copy_client_sorted = false;
COPY metrics FROM PROGRAM 'seq 3000 | xargs -II date -d "2025-01-01 - I minute" +"%Y-%m-%d %H:%M:%S,d1,0.I"' WITH (FORMAT CSV);
EXPLAIN (ANALYZE, COSTS OFF, SUMMARY OFF, TIMING OFF) SELECT * FROM metrics;
                                    QUERY PLAN                                    
----------------------------------------------------------------------------------
 Append (actual rows=3000 loops=1)
   ->  Custom Scan (ColumnarScan) on _hyper_1_21_chunk (actual rows=3000 loops=1)
         ->  Seq Scan on compress_hyper_2_22_chunk (actual rows=3 loops=1)
   ->  Seq Scan on _hyper_1_21_chunk (actual rows=0 loops=1)
(4 rows)

-- status should be 11
SELECT DISTINCT status FROM _timescaledb_catalog.chunk WHERE compressed_chunk_id IS NOT NULL;
 status 
--------
     11
(1 row)

ROLLBACK;
-- test with segmentby
BEGIN;
ALTER TABLE metrics SET (tsdb.segmentby = 'device');
SET timescaledb.enable_direct_compress_copy = true;
SET timescaledb.enable_direct_compress_copy_client_sorted = true;
COPY metrics FROM PROGRAM 'seq 0 0.2 9.8 | sed -e ''s!.[0-9]$!!'' | xargs -II date -d "2025-01-01 - I minute" +"%Y-%m-%d %H:%M:%S,dI,0.I"' WITH (FORMAT CSV);
EXPLAIN (ANALYZE, COSTS OFF, SUMMARY OFF, TIMING OFF) SELECT * FROM metrics;
                                   QUERY PLAN                                   
--------------------------------------------------------------------------------
 Append (actual rows=50 loops=1)
   ->  Custom Scan (ColumnarScan) on _hyper_1_23_chunk (actual rows=50 loops=1)
         ->  Seq Scan on compress_hyper_2_24_chunk (actual rows=10 loops=1)
   ->  Seq Scan on _hyper_1_23_chunk (actual rows=0 loops=1)
(4 rows)

SELECT format('%I.%I',schema_name,table_name) AS "COMPRESSED_CHUNK" FROM _timescaledb_catalog.chunk where compressed_chunk_id IS NULL \gset
-- should have 10 batches
SELECT count(*) FROM :COMPRESSED_CHUNK;
 count 
-------
    10
(1 row)

ROLLBACK;
-- simple test with unique constraints
BEGIN;
SET timescaledb.enable_direct_compress_copy = true;
ALTER TABLE metrics ADD CONSTRAINT unique_time_device UNIQUE (time, device);
COPY metrics FROM PROGRAM 'seq 100 | xargs -II date -d "2025-01-01 - I minute" +"%Y-%m-%d %H:%M:%S,d1,0.I"' WITH (FORMAT CSV);
EXPLAIN (ANALYZE, COSTS OFF, SUMMARY OFF, TIMING OFF) SELECT * FROM metrics;
                       QUERY PLAN                        
---------------------------------------------------------
 Seq Scan on _hyper_1_25_chunk (actual rows=100 loops=1)
(1 row)

SELECT DISTINCT status FROM _timescaledb_catalog.chunk WHERE compressed_chunk_id IS NOT NULL;
 status 
--------
(0 rows)

ROLLBACK;
