-- This file and its contents are licensed under the Apache License 2.0.
-- Please see the included NOTICE for copyright information and
-- LICENSE-APACHE for a copy of the license.
-- we run these with analyze to confirm that nodes that are not
-- needed to fulfill the limit are not executed
-- unfortunately this doesn't work on PostgreSQL 9.6 which lacks
-- the ability to turn off analyze timing summary so we run
-- them without ANALYZE on PostgreSQL 9.6, but since LATERAL plans
-- are different across versions we need version specific output
-- here anyway.
\set TEST_BASE_NAME plan_ordered_append
SELECT format('include/%s_load.sql', :'TEST_BASE_NAME') as "TEST_LOAD_NAME",
       format('include/%s_query.sql', :'TEST_BASE_NAME') as "TEST_QUERY_NAME",
       format('%s/results/%s_results_optimized.out', :'TEST_OUTPUT_DIR', :'TEST_BASE_NAME') as "TEST_RESULTS_OPTIMIZED",
       format('%s/results/%s_results_unoptimized.out', :'TEST_OUTPUT_DIR', :'TEST_BASE_NAME') as "TEST_RESULTS_UNOPTIMIZED"
\gset
SELECT format('\! diff %s %s', :'TEST_RESULTS_OPTIMIZED', :'TEST_RESULTS_UNOPTIMIZED') as "DIFF_CMD"
\gset
-- look at postgres version to decide whether we run with analyze or without
SELECT
  CASE WHEN current_setting('server_version_num')::int >= 100000
    THEN 'EXPLAIN (analyze, costs off, timing off, summary off)'
    ELSE 'EXPLAIN (costs off)'
  END AS "PREFIX"
\gset
\set PREFIX_NO_ANALYZE 'EXPLAIN (costs off)'
\ir :TEST_LOAD_NAME
-- This file and its contents are licensed under the Apache License 2.0.
-- Please see the included NOTICE for copyright information and
-- LICENSE-APACHE for a copy of the license.
-- create a now() function for repeatable testing that always returns
-- the same timestamp. It needs to be marked STABLE
CREATE OR REPLACE FUNCTION now_s()
RETURNS timestamptz LANGUAGE PLPGSQL STABLE AS
$BODY$
BEGIN
    RETURN '2000-01-08T0:00:00+0'::timestamptz;
END;
$BODY$;
CREATE TABLE devices(device_id INT PRIMARY KEY, name TEXT);
INSERT INTO devices VALUES
(1,'Device 1'),
(2,'Device 2'),
(3,'Device 3');
-- create a table where we create chunks in order
CREATE TABLE ordered_append(time timestamptz NOT NULL, device_id INT, value float);
SELECT create_hypertable('ordered_append','time');
      create_hypertable      
-----------------------------
 (1,public,ordered_append,t)
(1 row)

CREATE index on ordered_append(time DESC,device_id);
CREATE index on ordered_append(device_id,time DESC);
INSERT INTO ordered_append SELECT generate_series('2000-01-01'::timestamptz,'2000-01-18'::timestamptz,'1m'::interval), 1, 0.5;
INSERT INTO ordered_append SELECT generate_series('2000-01-01'::timestamptz,'2000-01-18'::timestamptz,'1m'::interval), 2, 1.5;
INSERT INTO ordered_append SELECT generate_series('2000-01-01'::timestamptz,'2000-01-18'::timestamptz,'1m'::interval), 3, 2.5;
-- create a second table where we create chunks in reverse order
CREATE TABLE ordered_append_reverse(time timestamptz NOT NULL, device_id INT, value float);
SELECT create_hypertable('ordered_append_reverse','time');
          create_hypertable          
-------------------------------------
 (2,public,ordered_append_reverse,t)
(1 row)

INSERT INTO ordered_append_reverse SELECT generate_series('2000-01-18'::timestamptz,'2000-01-01'::timestamptz,'-1m'::interval), 1, 0.5;
-- table where dimension column is last column
CREATE TABLE IF NOT EXISTS dimension_last(
    id INT8 NOT NULL,
    device_id INT NOT NULL,
    name TEXT NOT NULL,
    time timestamptz NOT NULL
);
SELECT create_hypertable('dimension_last', 'time', chunk_time_interval => interval '1day', if_not_exists => True);
      create_hypertable      
-----------------------------
 (3,public,dimension_last,t)
(1 row)

-- table with only dimension column
CREATE TABLE IF NOT EXISTS dimension_only(
    time timestamptz NOT NULL
);
SELECT create_hypertable('dimension_only', 'time', chunk_time_interval => interval '1day', if_not_exists => True);
      create_hypertable      
-----------------------------
 (4,public,dimension_only,t)
(1 row)

INSERT INTO dimension_last SELECT 1,1,'Device 1',generate_series('2000-01-01 0:00:00+0'::timestamptz,'2000-01-04 23:59:00+0'::timestamptz,'1m'::interval);
INSERT INTO dimension_only VALUES
('2000-01-01'),
('2000-01-03'),
('2000-01-05'),
('2000-01-07');
ANALYZE devices;
ANALYZE ordered_append;
ANALYZE ordered_append_reverse;
ANALYZE dimension_last;
ANALYZE dimension_only;
-- create hypertable with indexes not on all chunks
CREATE TABLE ht_missing_indexes(time timestamptz NOT NULL, device_id int, value float);
SELECT create_hypertable('ht_missing_indexes','time');
        create_hypertable        
---------------------------------
 (5,public,ht_missing_indexes,t)
(1 row)

INSERT INTO ht_missing_indexes SELECT generate_series('2000-01-01'::timestamptz,'2000-01-18'::timestamptz,'1m'::interval), 1, 0.5;
INSERT INTO ht_missing_indexes SELECT generate_series('2000-01-01'::timestamptz,'2000-01-18'::timestamptz,'1m'::interval), 2, 1.5;
INSERT INTO ht_missing_indexes SELECT generate_series('2000-01-01'::timestamptz,'2000-01-18'::timestamptz,'1m'::interval), 3, 2.5;
-- drop index from 2nd chunk of ht_missing_indexes
SELECT format('%I.%I',i.schemaname,i.indexname) AS "INDEX_NAME"
FROM _timescaledb_catalog.chunk c
INNER JOIN _timescaledb_catalog.hypertable ht ON c.hypertable_id = ht.id
INNER JOIN pg_indexes i ON i.schemaname = c.schema_name AND i.tablename=c.table_name
WHERE ht.table_name = 'ht_missing_indexes'
ORDER BY c.id LIMIT 1 OFFSET 1 \gset
DROP INDEX :INDEX_NAME;
ANALYZE ht_missing_indexes;
-- create hypertable with with dropped columns
CREATE TABLE ht_dropped_columns(c1 int, c2 int, c3 int, c4 int, c5 int, time timestamptz NOT NULL, device_id int, value float);
SELECT create_hypertable('ht_dropped_columns','time');
        create_hypertable        
---------------------------------
 (6,public,ht_dropped_columns,t)
(1 row)

ALTER TABLE ht_dropped_columns DROP COLUMN c1;
INSERT INTO ht_dropped_columns(time,device_id,value) SELECT generate_series('2000-01-01'::timestamptz,'2000-01-02'::timestamptz,'1m'::interval), 1, 0.5;
ALTER TABLE ht_dropped_columns DROP COLUMN c2;
INSERT INTO ht_dropped_columns(time,device_id,value) SELECT generate_series('2000-01-08'::timestamptz,'2000-01-09'::timestamptz,'1m'::interval), 1, 0.5;
ALTER TABLE ht_dropped_columns DROP COLUMN c3;
INSERT INTO ht_dropped_columns(time,device_id,value) SELECT generate_series('2000-01-15'::timestamptz,'2000-01-16'::timestamptz,'1m'::interval), 1, 0.5;
ALTER TABLE ht_dropped_columns DROP COLUMN c4;
INSERT INTO ht_dropped_columns(time,device_id,value) SELECT generate_series('2000-01-22'::timestamptz,'2000-01-23'::timestamptz,'1m'::interval), 1, 0.5;
ALTER TABLE ht_dropped_columns DROP COLUMN c5;
INSERT INTO ht_dropped_columns(time,device_id,value) SELECT generate_series('2000-01-29'::timestamptz,'2000-01-30'::timestamptz,'1m'::interval), 1, 0.5;
ANALYZE ht_dropped_columns;
\ir :TEST_QUERY_NAME
-- This file and its contents are licensed under the Apache License 2.0.
-- Please see the included NOTICE for copyright information and
-- LICENSE-APACHE for a copy of the license.
-- print chunks ordered by time to ensure ordering we want
SELECT
  ht.table_name AS hypertable,
  c.table_name AS chunk,
  ds.range_start
FROM
  _timescaledb_catalog.chunk c
  INNER JOIN _timescaledb_catalog.chunk_constraint cc ON c.id = cc.chunk_id
  INNER JOIN _timescaledb_catalog.dimension_slice ds ON ds.id=cc.dimension_slice_id
  INNER JOIN _timescaledb_catalog.dimension d ON ds.dimension_id = d.id
  INNER JOIN _timescaledb_catalog.hypertable ht ON d.hypertable_id = ht.id
ORDER BY ht.table_name, range_start;
       hypertable       |       chunk       |   range_start   
------------------------+-------------------+-----------------
 dimension_last         | _hyper_3_7_chunk  | 946684800000000
 dimension_last         | _hyper_3_8_chunk  | 946771200000000
 dimension_last         | _hyper_3_9_chunk  | 946857600000000
 dimension_last         | _hyper_3_10_chunk | 946944000000000
 dimension_only         | _hyper_4_11_chunk | 946684800000000
 dimension_only         | _hyper_4_12_chunk | 946857600000000
 dimension_only         | _hyper_4_13_chunk | 947030400000000
 dimension_only         | _hyper_4_14_chunk | 947203200000000
 ht_dropped_columns     | _hyper_6_18_chunk | 946512000000000
 ht_dropped_columns     | _hyper_6_19_chunk | 947116800000000
 ht_dropped_columns     | _hyper_6_20_chunk | 947721600000000
 ht_dropped_columns     | _hyper_6_21_chunk | 948326400000000
 ht_dropped_columns     | _hyper_6_22_chunk | 948931200000000
 ht_missing_indexes     | _hyper_5_15_chunk | 946512000000000
 ht_missing_indexes     | _hyper_5_16_chunk | 947116800000000
 ht_missing_indexes     | _hyper_5_17_chunk | 947721600000000
 ordered_append         | _hyper_1_1_chunk  | 946512000000000
 ordered_append         | _hyper_1_2_chunk  | 947116800000000
 ordered_append         | _hyper_1_3_chunk  | 947721600000000
 ordered_append_reverse | _hyper_2_6_chunk  | 946512000000000
 ordered_append_reverse | _hyper_2_5_chunk  | 947116800000000
 ordered_append_reverse | _hyper_2_4_chunk  | 947721600000000
(22 rows)

-- test ASC for ordered chunks
:PREFIX SELECT
  time, device_id, value
FROM ordered_append
ORDER BY time ASC LIMIT 1;
                                                         QUERY PLAN                                                         
----------------------------------------------------------------------------------------------------------------------------
 Limit (actual rows=1 loops=1)
   ->  Append (actual rows=1 loops=1)
         ->  Index Scan Backward using _hyper_1_1_chunk_ordered_append_time_idx on _hyper_1_1_chunk (actual rows=1 loops=1)
         ->  Index Scan Backward using _hyper_1_2_chunk_ordered_append_time_idx on _hyper_1_2_chunk (never executed)
         ->  Index Scan Backward using _hyper_1_3_chunk_ordered_append_time_idx on _hyper_1_3_chunk (never executed)
(5 rows)

-- test DESC for ordered chunks
:PREFIX SELECT
  time, device_id, value
FROM ordered_append
ORDER BY time DESC LIMIT 1;
                                                    QUERY PLAN                                                     
-------------------------------------------------------------------------------------------------------------------
 Limit (actual rows=1 loops=1)
   ->  Append (actual rows=1 loops=1)
         ->  Index Scan using _hyper_1_3_chunk_ordered_append_time_idx on _hyper_1_3_chunk (actual rows=1 loops=1)
         ->  Index Scan using _hyper_1_2_chunk_ordered_append_time_idx on _hyper_1_2_chunk (never executed)
         ->  Index Scan using _hyper_1_1_chunk_ordered_append_time_idx on _hyper_1_1_chunk (never executed)
(5 rows)

-- test ASC for reverse ordered chunks
:PREFIX SELECT
  time, device_id, value
FROM ordered_append_reverse
ORDER BY time ASC LIMIT 1;
                                                             QUERY PLAN                                                             
------------------------------------------------------------------------------------------------------------------------------------
 Limit (actual rows=1 loops=1)
   ->  Append (actual rows=1 loops=1)
         ->  Index Scan Backward using _hyper_2_6_chunk_ordered_append_reverse_time_idx on _hyper_2_6_chunk (actual rows=1 loops=1)
         ->  Index Scan Backward using _hyper_2_5_chunk_ordered_append_reverse_time_idx on _hyper_2_5_chunk (never executed)
         ->  Index Scan Backward using _hyper_2_4_chunk_ordered_append_reverse_time_idx on _hyper_2_4_chunk (never executed)
(5 rows)

-- test DESC for reverse ordered chunks
:PREFIX SELECT
  time, device_id, value
FROM ordered_append_reverse
ORDER BY time DESC LIMIT 1;
                                                        QUERY PLAN                                                         
---------------------------------------------------------------------------------------------------------------------------
 Limit (actual rows=1 loops=1)
   ->  Append (actual rows=1 loops=1)
         ->  Index Scan using _hyper_2_4_chunk_ordered_append_reverse_time_idx on _hyper_2_4_chunk (actual rows=1 loops=1)
         ->  Index Scan using _hyper_2_5_chunk_ordered_append_reverse_time_idx on _hyper_2_5_chunk (never executed)
         ->  Index Scan using _hyper_2_6_chunk_ordered_append_reverse_time_idx on _hyper_2_6_chunk (never executed)
(5 rows)

-- test query with ORDER BY column not in targetlist
:PREFIX SELECT
  device_id, value
FROM ordered_append
ORDER BY time ASC LIMIT 1;
                                                         QUERY PLAN                                                         
----------------------------------------------------------------------------------------------------------------------------
 Limit (actual rows=1 loops=1)
   ->  Append (actual rows=1 loops=1)
         ->  Index Scan Backward using _hyper_1_1_chunk_ordered_append_time_idx on _hyper_1_1_chunk (actual rows=1 loops=1)
         ->  Index Scan Backward using _hyper_1_2_chunk_ordered_append_time_idx on _hyper_1_2_chunk (never executed)
         ->  Index Scan Backward using _hyper_1_3_chunk_ordered_append_time_idx on _hyper_1_3_chunk (never executed)
(5 rows)

-- ORDER BY may include other columns after time column
:PREFIX SELECT
  time, device_id, value
FROM ordered_append
ORDER BY time DESC, device_id LIMIT 1;
                                                         QUERY PLAN                                                          
-----------------------------------------------------------------------------------------------------------------------------
 Limit (actual rows=1 loops=1)
   ->  Append (actual rows=1 loops=1)
         ->  Index Scan using _hyper_1_3_chunk_ordered_append_time_device_id_idx on _hyper_1_3_chunk (actual rows=1 loops=1)
         ->  Index Scan using _hyper_1_2_chunk_ordered_append_time_device_id_idx on _hyper_1_2_chunk (never executed)
         ->  Index Scan using _hyper_1_1_chunk_ordered_append_time_device_id_idx on _hyper_1_1_chunk (never executed)
(5 rows)

-- queries with ORDER BY non-time column shouldn't use ordered append
:PREFIX SELECT
  time, device_id, value
FROM ordered_append
ORDER BY device_id LIMIT 1;
                                                         QUERY PLAN                                                          
-----------------------------------------------------------------------------------------------------------------------------
 Limit (actual rows=1 loops=1)
   ->  Merge Append (actual rows=1 loops=1)
         Sort Key: _hyper_1_1_chunk.device_id
         ->  Index Scan using _hyper_1_1_chunk_ordered_append_device_id_time_idx on _hyper_1_1_chunk (actual rows=1 loops=1)
         ->  Index Scan using _hyper_1_2_chunk_ordered_append_device_id_time_idx on _hyper_1_2_chunk (actual rows=1 loops=1)
         ->  Index Scan using _hyper_1_3_chunk_ordered_append_device_id_time_idx on _hyper_1_3_chunk (actual rows=1 loops=1)
(6 rows)

-- time column must be primary sort order
:PREFIX SELECT
  time, device_id, value
FROM ordered_append
ORDER BY device_id, time LIMIT 1;
                                 QUERY PLAN                                 
----------------------------------------------------------------------------
 Limit (actual rows=1 loops=1)
   ->  Sort (actual rows=1 loops=1)
         Sort Key: _hyper_1_1_chunk.device_id, _hyper_1_1_chunk."time"
         Sort Method: top-N heapsort  Memory: 25kB
         ->  Append (actual rows=73443 loops=1)
               ->  Seq Scan on _hyper_1_1_chunk (actual rows=20160 loops=1)
               ->  Seq Scan on _hyper_1_2_chunk (actual rows=30240 loops=1)
               ->  Seq Scan on _hyper_1_3_chunk (actual rows=23043 loops=1)
(8 rows)

-- queries without LIMIT shouldnt use ordered append
:PREFIX SELECT
  time, device_id, value
FROM ordered_append
ORDER BY time ASC;
                                                        QUERY PLAN                                                        
--------------------------------------------------------------------------------------------------------------------------
 Merge Append (actual rows=73443 loops=1)
   Sort Key: _hyper_1_1_chunk."time"
   ->  Index Scan Backward using _hyper_1_1_chunk_ordered_append_time_idx on _hyper_1_1_chunk (actual rows=20160 loops=1)
   ->  Index Scan Backward using _hyper_1_2_chunk_ordered_append_time_idx on _hyper_1_2_chunk (actual rows=30240 loops=1)
   ->  Index Scan Backward using _hyper_1_3_chunk_ordered_append_time_idx on _hyper_1_3_chunk (actual rows=23043 loops=1)
(5 rows)

-- queries without ORDER BY shouldnt use ordered append (still uses append though)
:PREFIX SELECT
  time, device_id, value
FROM ordered_append
LIMIT 1;
                            QUERY PLAN                            
------------------------------------------------------------------
 Limit (actual rows=1 loops=1)
   ->  Append (actual rows=1 loops=1)
         ->  Seq Scan on _hyper_1_1_chunk (actual rows=1 loops=1)
         ->  Seq Scan on _hyper_1_2_chunk (never executed)
         ->  Seq Scan on _hyper_1_3_chunk (never executed)
(5 rows)

-- test interaction with constraint exclusion
:PREFIX SELECT
  time, device_id, value
FROM ordered_append
WHERE time > '2000-01-07'
ORDER BY time ASC LIMIT 1;
                                                         QUERY PLAN                                                         
----------------------------------------------------------------------------------------------------------------------------
 Limit (actual rows=1 loops=1)
   ->  Append (actual rows=1 loops=1)
         ->  Index Scan Backward using _hyper_1_2_chunk_ordered_append_time_idx on _hyper_1_2_chunk (actual rows=1 loops=1)
               Index Cond: ("time" > 'Fri Jan 07 00:00:00 2000 PST'::timestamp with time zone)
         ->  Index Scan Backward using _hyper_1_3_chunk_ordered_append_time_idx on _hyper_1_3_chunk (never executed)
               Index Cond: ("time" > 'Fri Jan 07 00:00:00 2000 PST'::timestamp with time zone)
(6 rows)

:PREFIX SELECT
  time, device_id, value
FROM ordered_append
WHERE time > '2000-01-07'
ORDER BY time DESC LIMIT 1;
                                                    QUERY PLAN                                                     
-------------------------------------------------------------------------------------------------------------------
 Limit (actual rows=1 loops=1)
   ->  Append (actual rows=1 loops=1)
         ->  Index Scan using _hyper_1_3_chunk_ordered_append_time_idx on _hyper_1_3_chunk (actual rows=1 loops=1)
               Index Cond: ("time" > 'Fri Jan 07 00:00:00 2000 PST'::timestamp with time zone)
         ->  Index Scan using _hyper_1_2_chunk_ordered_append_time_idx on _hyper_1_2_chunk (never executed)
               Index Cond: ("time" > 'Fri Jan 07 00:00:00 2000 PST'::timestamp with time zone)
(6 rows)

-- test interaction with constraint aware append
:PREFIX SELECT
  time, device_id, value
FROM ordered_append
WHERE time > now_s()
ORDER BY time ASC LIMIT 1;
                                                            QUERY PLAN                                                            
----------------------------------------------------------------------------------------------------------------------------------
 Limit (actual rows=1 loops=1)
   ->  Custom Scan (ConstraintAwareAppend) (actual rows=1 loops=1)
         Hypertable: ordered_append
         Chunks left after exclusion: 2
         ->  Append (actual rows=1 loops=1)
               ->  Index Scan Backward using _hyper_1_2_chunk_ordered_append_time_idx on _hyper_1_2_chunk (actual rows=1 loops=1)
                     Index Cond: ("time" > now_s())
               ->  Index Scan Backward using _hyper_1_3_chunk_ordered_append_time_idx on _hyper_1_3_chunk (never executed)
                     Index Cond: ("time" > now_s())
(9 rows)

:PREFIX SELECT
  time, device_id, value
FROM ordered_append
WHERE time < now_s()
ORDER BY time ASC LIMIT 1;
                                                            QUERY PLAN                                                            
----------------------------------------------------------------------------------------------------------------------------------
 Limit (actual rows=1 loops=1)
   ->  Custom Scan (ConstraintAwareAppend) (actual rows=1 loops=1)
         Hypertable: ordered_append
         Chunks left after exclusion: 2
         ->  Append (actual rows=1 loops=1)
               ->  Index Scan Backward using _hyper_1_1_chunk_ordered_append_time_idx on _hyper_1_1_chunk (actual rows=1 loops=1)
                     Index Cond: ("time" < now_s())
               ->  Index Scan Backward using _hyper_1_2_chunk_ordered_append_time_idx on _hyper_1_2_chunk (never executed)
                     Index Cond: ("time" < now_s())
(9 rows)

-- test interaction withi constraint exclusion and constraint aware append
:PREFIX SELECT
  time, device_id, value
FROM ordered_append
WHERE time > now_s() AND time < '2000-01-10'
ORDER BY time ASC LIMIT 1;
                                                            QUERY PLAN                                                            
----------------------------------------------------------------------------------------------------------------------------------
 Limit (actual rows=1 loops=1)
   ->  Custom Scan (ConstraintAwareAppend) (actual rows=1 loops=1)
         Hypertable: ordered_append
         Chunks left after exclusion: 1
         ->  Append (actual rows=1 loops=1)
               ->  Index Scan Backward using _hyper_1_2_chunk_ordered_append_time_idx on _hyper_1_2_chunk (actual rows=1 loops=1)
                     Index Cond: (("time" > now_s()) AND ("time" < 'Mon Jan 10 00:00:00 2000 PST'::timestamp with time zone))
(7 rows)

:PREFIX SELECT
  time, device_id, value
FROM ordered_append
WHERE time < now_s() AND time > '2000-01-07'
ORDER BY time ASC LIMIT 1;
                                                            QUERY PLAN                                                            
----------------------------------------------------------------------------------------------------------------------------------
 Limit (actual rows=1 loops=1)
   ->  Custom Scan (ConstraintAwareAppend) (actual rows=1 loops=1)
         Hypertable: ordered_append
         Chunks left after exclusion: 1
         ->  Append (actual rows=1 loops=1)
               ->  Index Scan Backward using _hyper_1_2_chunk_ordered_append_time_idx on _hyper_1_2_chunk (actual rows=1 loops=1)
                     Index Cond: (("time" < now_s()) AND ("time" > 'Fri Jan 07 00:00:00 2000 PST'::timestamp with time zone))
(7 rows)

-- min/max queries
:PREFIX SELECT max(time) FROM ordered_append;
                                                           QUERY PLAN                                                           
--------------------------------------------------------------------------------------------------------------------------------
 Result (actual rows=1 loops=1)
   InitPlan 1 (returns $0)
     ->  Limit (actual rows=1 loops=1)
           ->  Append (actual rows=1 loops=1)
                 ->  Index Only Scan using _hyper_1_3_chunk_ordered_append_time_idx on _hyper_1_3_chunk (actual rows=1 loops=1)
                       Index Cond: ("time" IS NOT NULL)
                       Heap Fetches: 1
                 ->  Index Only Scan using _hyper_1_2_chunk_ordered_append_time_idx on _hyper_1_2_chunk (never executed)
                       Index Cond: ("time" IS NOT NULL)
                       Heap Fetches: 0
                 ->  Index Only Scan using _hyper_1_1_chunk_ordered_append_time_idx on _hyper_1_1_chunk (never executed)
                       Index Cond: ("time" IS NOT NULL)
                       Heap Fetches: 0
(13 rows)

:PREFIX SELECT min(time) FROM ordered_append;
                                                               QUERY PLAN                                                                
-----------------------------------------------------------------------------------------------------------------------------------------
 Result (actual rows=1 loops=1)
   InitPlan 1 (returns $0)
     ->  Limit (actual rows=1 loops=1)
           ->  Append (actual rows=1 loops=1)
                 ->  Index Only Scan Backward using _hyper_1_1_chunk_ordered_append_time_idx on _hyper_1_1_chunk (actual rows=1 loops=1)
                       Index Cond: ("time" IS NOT NULL)
                       Heap Fetches: 1
                 ->  Index Only Scan Backward using _hyper_1_2_chunk_ordered_append_time_idx on _hyper_1_2_chunk (never executed)
                       Index Cond: ("time" IS NOT NULL)
                       Heap Fetches: 0
                 ->  Index Only Scan Backward using _hyper_1_3_chunk_ordered_append_time_idx on _hyper_1_3_chunk (never executed)
                       Index Cond: ("time" IS NOT NULL)
                       Heap Fetches: 0
(13 rows)

-- test first/last (doesn't use ordered append yet)
:PREFIX SELECT first(time, time) FROM ordered_append;
                                                                  QUERY PLAN                                                                   
-----------------------------------------------------------------------------------------------------------------------------------------------
 Result (actual rows=1 loops=1)
   InitPlan 1 (returns $0)
     ->  Limit (actual rows=1 loops=1)
           ->  Result (actual rows=1 loops=1)
                 ->  Merge Append (actual rows=1 loops=1)
                       Sort Key: _hyper_1_1_chunk."time"
                       ->  Index Only Scan Backward using _hyper_1_1_chunk_ordered_append_time_idx on _hyper_1_1_chunk (actual rows=1 loops=1)
                             Index Cond: ("time" IS NOT NULL)
                             Heap Fetches: 1
                       ->  Index Only Scan Backward using _hyper_1_2_chunk_ordered_append_time_idx on _hyper_1_2_chunk (actual rows=1 loops=1)
                             Index Cond: ("time" IS NOT NULL)
                             Heap Fetches: 1
                       ->  Index Only Scan Backward using _hyper_1_3_chunk_ordered_append_time_idx on _hyper_1_3_chunk (actual rows=1 loops=1)
                             Index Cond: ("time" IS NOT NULL)
                             Heap Fetches: 1
(15 rows)

:PREFIX SELECT last(time, time) FROM ordered_append;
                                                              QUERY PLAN                                                              
--------------------------------------------------------------------------------------------------------------------------------------
 Result (actual rows=1 loops=1)
   InitPlan 1 (returns $0)
     ->  Limit (actual rows=1 loops=1)
           ->  Result (actual rows=1 loops=1)
                 ->  Merge Append (actual rows=1 loops=1)
                       Sort Key: _hyper_1_1_chunk."time" DESC
                       ->  Index Only Scan using _hyper_1_1_chunk_ordered_append_time_idx on _hyper_1_1_chunk (actual rows=1 loops=1)
                             Index Cond: ("time" IS NOT NULL)
                             Heap Fetches: 1
                       ->  Index Only Scan using _hyper_1_2_chunk_ordered_append_time_idx on _hyper_1_2_chunk (actual rows=1 loops=1)
                             Index Cond: ("time" IS NOT NULL)
                             Heap Fetches: 1
                       ->  Index Only Scan using _hyper_1_3_chunk_ordered_append_time_idx on _hyper_1_3_chunk (actual rows=1 loops=1)
                             Index Cond: ("time" IS NOT NULL)
                             Heap Fetches: 1
(15 rows)

-- test query with time_bucket
:PREFIX SELECT
  time_bucket('1d',time), device_id, value
FROM ordered_append
ORDER BY time ASC LIMIT 1;
                                                            QUERY PLAN                                                            
----------------------------------------------------------------------------------------------------------------------------------
 Limit (actual rows=1 loops=1)
   ->  Result (actual rows=1 loops=1)
         ->  Append (actual rows=1 loops=1)
               ->  Index Scan Backward using _hyper_1_1_chunk_ordered_append_time_idx on _hyper_1_1_chunk (actual rows=1 loops=1)
               ->  Index Scan Backward using _hyper_1_2_chunk_ordered_append_time_idx on _hyper_1_2_chunk (never executed)
               ->  Index Scan Backward using _hyper_1_3_chunk_ordered_append_time_idx on _hyper_1_3_chunk (never executed)
(6 rows)

-- test query with order by time_bucket (should not use ordered append)
:PREFIX SELECT
  time_bucket('1d',time), device_id, value
FROM ordered_append
ORDER BY 1 LIMIT 1;
                                                         QUERY PLAN                                                         
----------------------------------------------------------------------------------------------------------------------------
 Limit (actual rows=1 loops=1)
   ->  Merge Append (actual rows=1 loops=1)
         Sort Key: (time_bucket('@ 1 day'::interval, _hyper_1_1_chunk."time"))
         ->  Index Scan Backward using _hyper_1_1_chunk_ordered_append_time_idx on _hyper_1_1_chunk (actual rows=1 loops=1)
         ->  Index Scan Backward using _hyper_1_2_chunk_ordered_append_time_idx on _hyper_1_2_chunk (actual rows=1 loops=1)
         ->  Index Scan Backward using _hyper_1_3_chunk_ordered_append_time_idx on _hyper_1_3_chunk (actual rows=1 loops=1)
(6 rows)

-- test query with order by time_bucket (should not use ordered append)
:PREFIX SELECT
  time_bucket('1d',time), device_id, value
FROM ordered_append
ORDER BY time_bucket('1d',time) LIMIT 1;
                                                         QUERY PLAN                                                         
----------------------------------------------------------------------------------------------------------------------------
 Limit (actual rows=1 loops=1)
   ->  Merge Append (actual rows=1 loops=1)
         Sort Key: (time_bucket('@ 1 day'::interval, _hyper_1_1_chunk."time"))
         ->  Index Scan Backward using _hyper_1_1_chunk_ordered_append_time_idx on _hyper_1_1_chunk (actual rows=1 loops=1)
         ->  Index Scan Backward using _hyper_1_2_chunk_ordered_append_time_idx on _hyper_1_2_chunk (actual rows=1 loops=1)
         ->  Index Scan Backward using _hyper_1_3_chunk_ordered_append_time_idx on _hyper_1_3_chunk (actual rows=1 loops=1)
(6 rows)

-- test query with now() should result in ordered append with constraint aware append
:PREFIX SELECT * FROM ordered_append WHERE time < now() + '1 month'
ORDER BY time DESC limit 1;
                                                       QUERY PLAN                                                        
-------------------------------------------------------------------------------------------------------------------------
 Limit (actual rows=1 loops=1)
   ->  Custom Scan (ConstraintAwareAppend) (actual rows=1 loops=1)
         Hypertable: ordered_append
         Chunks left after exclusion: 3
         ->  Append (actual rows=1 loops=1)
               ->  Index Scan using _hyper_1_3_chunk_ordered_append_time_idx on _hyper_1_3_chunk (actual rows=1 loops=1)
                     Index Cond: ("time" < (now() + '@ 1 mon'::interval))
               ->  Index Scan using _hyper_1_2_chunk_ordered_append_time_idx on _hyper_1_2_chunk (never executed)
                     Index Cond: ("time" < (now() + '@ 1 mon'::interval))
               ->  Index Scan using _hyper_1_1_chunk_ordered_append_time_idx on _hyper_1_1_chunk (never executed)
                     Index Cond: ("time" < (now() + '@ 1 mon'::interval))
(11 rows)

-- test CTE
:PREFIX WITH i AS (SELECT * FROM ordered_append WHERE time < now() ORDER BY time DESC limit 100)
SELECT * FROM i;
                                                            QUERY PLAN                                                             
-----------------------------------------------------------------------------------------------------------------------------------
 CTE Scan on i (actual rows=100 loops=1)
   CTE i
     ->  Limit (actual rows=100 loops=1)
           ->  Custom Scan (ConstraintAwareAppend) (actual rows=100 loops=1)
                 Hypertable: ordered_append
                 Chunks left after exclusion: 3
                 ->  Append (actual rows=100 loops=1)
                       ->  Index Scan using _hyper_1_3_chunk_ordered_append_time_idx on _hyper_1_3_chunk (actual rows=100 loops=1)
                             Index Cond: ("time" < now())
                       ->  Index Scan using _hyper_1_2_chunk_ordered_append_time_idx on _hyper_1_2_chunk (never executed)
                             Index Cond: ("time" < now())
                       ->  Index Scan using _hyper_1_1_chunk_ordered_append_time_idx on _hyper_1_1_chunk (never executed)
                             Index Cond: ("time" < now())
(13 rows)

-- test LATERAL with ordered append in the outer query
:PREFIX SELECT * FROM ordered_append, LATERAL(SELECT * FROM (VALUES (1),(2)) v) l ORDER BY time DESC limit 2;
                                                       QUERY PLAN                                                        
-------------------------------------------------------------------------------------------------------------------------
 Limit (actual rows=2 loops=1)
   ->  Nested Loop (actual rows=2 loops=1)
         ->  Append (actual rows=1 loops=1)
               ->  Index Scan using _hyper_1_3_chunk_ordered_append_time_idx on _hyper_1_3_chunk (actual rows=1 loops=1)
               ->  Index Scan using _hyper_1_2_chunk_ordered_append_time_idx on _hyper_1_2_chunk (never executed)
               ->  Index Scan using _hyper_1_1_chunk_ordered_append_time_idx on _hyper_1_1_chunk (never executed)
         ->  Materialize (actual rows=2 loops=1)
               ->  Values Scan on "*VALUES*" (actual rows=2 loops=1)
(8 rows)

-- test LATERAL with ordered append in the lateral query
:PREFIX SELECT * FROM (VALUES (1),(2)) v, LATERAL(SELECT * FROM ordered_append ORDER BY time DESC limit 2) l;
                                                          QUERY PLAN                                                           
-------------------------------------------------------------------------------------------------------------------------------
 Nested Loop (actual rows=4 loops=1)
   ->  Values Scan on "*VALUES*" (actual rows=2 loops=1)
   ->  Materialize (actual rows=2 loops=2)
         ->  Limit (actual rows=2 loops=1)
               ->  Append (actual rows=2 loops=1)
                     ->  Index Scan using _hyper_1_3_chunk_ordered_append_time_idx on _hyper_1_3_chunk (actual rows=2 loops=1)
                     ->  Index Scan using _hyper_1_2_chunk_ordered_append_time_idx on _hyper_1_2_chunk (never executed)
                     ->  Index Scan using _hyper_1_1_chunk_ordered_append_time_idx on _hyper_1_1_chunk (never executed)
(8 rows)

-- test plan with best index is chosen
-- this should use device_id, time index
:PREFIX SELECT * FROM ordered_append WHERE device_id = 1 ORDER BY time DESC LIMIT 1;
                                                         QUERY PLAN                                                          
-----------------------------------------------------------------------------------------------------------------------------
 Limit (actual rows=1 loops=1)
   ->  Append (actual rows=1 loops=1)
         ->  Index Scan using _hyper_1_3_chunk_ordered_append_device_id_time_idx on _hyper_1_3_chunk (actual rows=1 loops=1)
               Index Cond: (device_id = 1)
         ->  Index Scan using _hyper_1_2_chunk_ordered_append_device_id_time_idx on _hyper_1_2_chunk (never executed)
               Index Cond: (device_id = 1)
         ->  Index Scan using _hyper_1_1_chunk_ordered_append_device_id_time_idx on _hyper_1_1_chunk (never executed)
               Index Cond: (device_id = 1)
(8 rows)

-- test plan with best index is chosen
-- this should use time index
:PREFIX SELECT * FROM ordered_append ORDER BY time DESC LIMIT 1;
                                                    QUERY PLAN                                                     
-------------------------------------------------------------------------------------------------------------------
 Limit (actual rows=1 loops=1)
   ->  Append (actual rows=1 loops=1)
         ->  Index Scan using _hyper_1_3_chunk_ordered_append_time_idx on _hyper_1_3_chunk (actual rows=1 loops=1)
         ->  Index Scan using _hyper_1_2_chunk_ordered_append_time_idx on _hyper_1_2_chunk (never executed)
         ->  Index Scan using _hyper_1_1_chunk_ordered_append_time_idx on _hyper_1_1_chunk (never executed)
(5 rows)

-- test with table with only dimension column
:PREFIX SELECT * FROM dimension_only ORDER BY time DESC LIMIT 1;
                                                        QUERY PLAN                                                        
--------------------------------------------------------------------------------------------------------------------------
 Limit (actual rows=1 loops=1)
   ->  Append (actual rows=1 loops=1)
         ->  Index Only Scan using _hyper_4_14_chunk_dimension_only_time_idx on _hyper_4_14_chunk (actual rows=1 loops=1)
               Heap Fetches: 1
         ->  Index Only Scan using _hyper_4_13_chunk_dimension_only_time_idx on _hyper_4_13_chunk (never executed)
               Heap Fetches: 0
         ->  Index Only Scan using _hyper_4_12_chunk_dimension_only_time_idx on _hyper_4_12_chunk (never executed)
               Heap Fetches: 0
         ->  Index Only Scan using _hyper_4_11_chunk_dimension_only_time_idx on _hyper_4_11_chunk (never executed)
               Heap Fetches: 0
(10 rows)

-- test LEFT JOIN against hypertable
:PREFIX_NO_ANALYZE SELECT *
FROM dimension_last
LEFT JOIN dimension_only USING (time)
ORDER BY dimension_last.time DESC
LIMIT 2;
                                            QUERY PLAN                                             
---------------------------------------------------------------------------------------------------
 Limit
   ->  Nested Loop Left Join
         Join Filter: (_hyper_3_10_chunk."time" = _hyper_4_11_chunk."time")
         ->  Append
               ->  Index Scan using _hyper_3_10_chunk_dimension_last_time_idx on _hyper_3_10_chunk
               ->  Index Scan using _hyper_3_9_chunk_dimension_last_time_idx on _hyper_3_9_chunk
               ->  Index Scan using _hyper_3_8_chunk_dimension_last_time_idx on _hyper_3_8_chunk
               ->  Index Scan using _hyper_3_7_chunk_dimension_last_time_idx on _hyper_3_7_chunk
         ->  Materialize
               ->  Append
                     ->  Seq Scan on _hyper_4_11_chunk
                     ->  Seq Scan on _hyper_4_12_chunk
                     ->  Seq Scan on _hyper_4_13_chunk
                     ->  Seq Scan on _hyper_4_14_chunk
(14 rows)

-- test INNER JOIN against non-hypertable
:PREFIX_NO_ANALYZE SELECT *
FROM dimension_last
INNER JOIN dimension_only USING (time)
ORDER BY dimension_last.time DESC
LIMIT 2;
                                               QUERY PLAN                                               
--------------------------------------------------------------------------------------------------------
 Limit
   ->  Nested Loop
         ->  Merge Append
               Sort Key: _hyper_4_11_chunk."time" DESC
               ->  Index Only Scan using _hyper_4_11_chunk_dimension_only_time_idx on _hyper_4_11_chunk
               ->  Index Only Scan using _hyper_4_12_chunk_dimension_only_time_idx on _hyper_4_12_chunk
               ->  Index Only Scan using _hyper_4_13_chunk_dimension_only_time_idx on _hyper_4_13_chunk
               ->  Index Only Scan using _hyper_4_14_chunk_dimension_only_time_idx on _hyper_4_14_chunk
         ->  Append
               ->  Index Scan using _hyper_3_10_chunk_dimension_last_time_idx on _hyper_3_10_chunk
                     Index Cond: ("time" = _hyper_4_11_chunk."time")
               ->  Index Scan using _hyper_3_9_chunk_dimension_last_time_idx on _hyper_3_9_chunk
                     Index Cond: ("time" = _hyper_4_11_chunk."time")
               ->  Index Scan using _hyper_3_8_chunk_dimension_last_time_idx on _hyper_3_8_chunk
                     Index Cond: ("time" = _hyper_4_11_chunk."time")
               ->  Index Scan using _hyper_3_7_chunk_dimension_last_time_idx on _hyper_3_7_chunk
                     Index Cond: ("time" = _hyper_4_11_chunk."time")
(17 rows)

-- test join against non-hypertable
:PREFIX SELECT *
FROM dimension_last
INNER JOIN devices USING(device_id)
ORDER BY dimension_last.time DESC
LIMIT 2;
                                                        QUERY PLAN                                                         
---------------------------------------------------------------------------------------------------------------------------
 Limit (actual rows=2 loops=1)
   ->  Nested Loop (actual rows=2 loops=1)
         Join Filter: (_hyper_3_10_chunk.device_id = devices.device_id)
         ->  Append (actual rows=2 loops=1)
               ->  Index Scan using _hyper_3_10_chunk_dimension_last_time_idx on _hyper_3_10_chunk (actual rows=2 loops=1)
               ->  Index Scan using _hyper_3_9_chunk_dimension_last_time_idx on _hyper_3_9_chunk (never executed)
               ->  Index Scan using _hyper_3_8_chunk_dimension_last_time_idx on _hyper_3_8_chunk (never executed)
               ->  Index Scan using _hyper_3_7_chunk_dimension_last_time_idx on _hyper_3_7_chunk (never executed)
         ->  Materialize (actual rows=1 loops=2)
               ->  Seq Scan on devices (actual rows=1 loops=1)
(10 rows)

-- test hypertable with index missing on one chunk
-- does not yet use ordered append
:PREFIX SELECT
  time, device_id, value
FROM ht_missing_indexes
ORDER BY time ASC LIMIT 1;
                                                            QUERY PLAN                                                            
----------------------------------------------------------------------------------------------------------------------------------
 Limit (actual rows=1 loops=1)
   ->  Merge Append (actual rows=1 loops=1)
         Sort Key: _hyper_5_15_chunk."time"
         ->  Index Scan Backward using _hyper_5_15_chunk_ht_missing_indexes_time_idx on _hyper_5_15_chunk (actual rows=1 loops=1)
         ->  Sort (actual rows=1 loops=1)
               Sort Key: _hyper_5_16_chunk."time"
               Sort Method: top-N heapsort  Memory: 25kB
               ->  Seq Scan on _hyper_5_16_chunk (actual rows=30240 loops=1)
         ->  Index Scan Backward using _hyper_5_17_chunk_ht_missing_indexes_time_idx on _hyper_5_17_chunk (actual rows=1 loops=1)
(9 rows)

-- test hypertable with index missing on one chunk
-- does not yet use ordered append
:PREFIX SELECT
  time, device_id, value
FROM ht_missing_indexes
WHERE device_id = 2
ORDER BY time DESC LIMIT 1;
                                                       QUERY PLAN                                                        
-------------------------------------------------------------------------------------------------------------------------
 Limit (actual rows=1 loops=1)
   ->  Merge Append (actual rows=1 loops=1)
         Sort Key: _hyper_5_17_chunk."time" DESC
         ->  Index Scan using _hyper_5_17_chunk_ht_missing_indexes_time_idx on _hyper_5_17_chunk (actual rows=1 loops=1)
               Filter: (device_id = 2)
               Rows Removed by Filter: 1
         ->  Sort (actual rows=1 loops=1)
               Sort Key: _hyper_5_16_chunk."time" DESC
               Sort Method: top-N heapsort  Memory: 25kB
               ->  Seq Scan on _hyper_5_16_chunk (actual rows=10080 loops=1)
                     Filter: (device_id = 2)
                     Rows Removed by Filter: 20160
         ->  Index Scan using _hyper_5_15_chunk_ht_missing_indexes_time_idx on _hyper_5_15_chunk (actual rows=1 loops=1)
               Filter: (device_id = 2)
               Rows Removed by Filter: 1
(15 rows)

-- test hypertable with dropped columns
:PREFIX SELECT
  time, device_id, value
FROM ht_dropped_columns
ORDER BY time ASC LIMIT 1;
                                                            QUERY PLAN                                                            
----------------------------------------------------------------------------------------------------------------------------------
 Limit (actual rows=1 loops=1)
   ->  Append (actual rows=1 loops=1)
         ->  Index Scan Backward using _hyper_6_18_chunk_ht_dropped_columns_time_idx on _hyper_6_18_chunk (actual rows=1 loops=1)
         ->  Index Scan Backward using _hyper_6_19_chunk_ht_dropped_columns_time_idx on _hyper_6_19_chunk (never executed)
         ->  Index Scan Backward using _hyper_6_20_chunk_ht_dropped_columns_time_idx on _hyper_6_20_chunk (never executed)
         ->  Index Scan Backward using _hyper_6_21_chunk_ht_dropped_columns_time_idx on _hyper_6_21_chunk (never executed)
         ->  Index Scan Backward using _hyper_6_22_chunk_ht_dropped_columns_time_idx on _hyper_6_22_chunk (never executed)
(7 rows)

-- test hypertable with dropped columns
:PREFIX SELECT
  time, device_id, value
FROM ht_dropped_columns
WHERE device_id = 1
ORDER BY time DESC;
                                                      QUERY PLAN                                                      
----------------------------------------------------------------------------------------------------------------------
 Merge Append (actual rows=7205 loops=1)
   Sort Key: _hyper_6_18_chunk."time" DESC
   ->  Index Scan using _hyper_6_18_chunk_ht_dropped_columns_time_idx on _hyper_6_18_chunk (actual rows=1441 loops=1)
         Filter: (device_id = 1)
   ->  Index Scan using _hyper_6_19_chunk_ht_dropped_columns_time_idx on _hyper_6_19_chunk (actual rows=1441 loops=1)
         Filter: (device_id = 1)
   ->  Index Scan using _hyper_6_20_chunk_ht_dropped_columns_time_idx on _hyper_6_20_chunk (actual rows=1441 loops=1)
         Filter: (device_id = 1)
   ->  Index Scan using _hyper_6_21_chunk_ht_dropped_columns_time_idx on _hyper_6_21_chunk (actual rows=1441 loops=1)
         Filter: (device_id = 1)
   ->  Index Scan using _hyper_6_22_chunk_ht_dropped_columns_time_idx on _hyper_6_22_chunk (actual rows=1441 loops=1)
         Filter: (device_id = 1)
(12 rows)

--generate the results into two different files
\set ECHO errors
